\BOOKMARK [1][-]{section.1}{Introduction}{}% 1
\BOOKMARK [2][-]{subsection.1.1}{Intel Core i3-8300}{section.1}% 2
\BOOKMARK [2][-]{subsection.1.2}{ARM Cortex R5}{section.1}% 3
\BOOKMARK [1][-]{section.2}{Instruction Set Architecture}{}% 4
\BOOKMARK [2][-]{subsection.2.1}{i3-8300: ISA}{section.2}% 5
\BOOKMARK [2][-]{subsection.2.2}{i3-8300: Instruction Classes}{section.2}% 6
\BOOKMARK [2][-]{subsection.2.3}{i3-8300: Instruction Format}{section.2}% 7
\BOOKMARK [3][-]{subsubsection.2.3.1}{Instruction prefixesx64asm}{subsection.2.3}% 8
\BOOKMARK [2][-]{subsection.2.4}{Cortex R5: ISA}{section.2}% 9
\BOOKMARK [2][-]{subsection.2.5}{Cortex R5: Instruction Classes}{section.2}% 10
\BOOKMARK [2][-]{subsection.2.6}{Cortex R5: Instruction Format}{section.2}% 11
\BOOKMARK [1][-]{section.3}{Micro-Architecture \(Data Path and the Controller\)}{}% 12
\BOOKMARK [2][-]{subsection.3.1}{Arm Cortex-R5 Processor}{section.3}% 13
\BOOKMARK [2][-]{subsection.3.2}{Intel Core i3-8300 Processor}{section.3}% 14
\BOOKMARK [1][-]{section.4}{ALU functions}{}% 15
\BOOKMARK [2][-]{subsection.4.1}{Arm Cortex-R5 Processor}{section.4}% 16
\BOOKMARK [2][-]{subsection.4.2}{Intel Core i3-8300 Processor}{section.4}% 17
\BOOKMARK [1][-]{section.5}{Cache Memory and Memory Interfacing}{}% 18
\BOOKMARK [2][-]{subsection.5.1}{Intel Core i3-8300 Processor}{section.5}% 19
\BOOKMARK [3][-]{subsubsection.5.1.1}{Memory Hierarchy}{subsection.5.1}% 20
\BOOKMARK [3][-]{subsubsection.5.1.2}{Translation-Lookaside Buffers\(TLBs\)}{subsection.5.1}% 21
\BOOKMARK [3][-]{subsubsection.5.1.3}{Store Buffers}{subsection.5.1}% 22
\BOOKMARK [2][-]{subsection.5.2}{Arm Cortex-R5 Processor}{section.5}% 23
\BOOKMARK [3][-]{subsubsection.5.2.1}{Memory Hierarchy}{subsection.5.2}% 24
\BOOKMARK [3][-]{subsubsection.5.2.2}{Memory Protection Unit\(MPU\)}{subsection.5.2}% 25
\BOOKMARK [1][-]{section.6}{Timing related to Memory}{}% 26
\BOOKMARK [2][-]{subsection.6.1}{Intel Core i3-8300 Processor}{section.6}% 27
\BOOKMARK [2][-]{subsection.6.2}{Arm Cortex-R5 Processor}{section.6}% 28
\BOOKMARK [1][-]{section.7}{Comparison}{}% 29
\BOOKMARK [1][-]{section*.7}{Bibliography}{}% 30
